This is pdfTeX, Version 3.141592653-2.6-1.40.28 (MiKTeX 25.12) (preloaded format=pdflatex 2026.2.3)  3 FEB 2026 23:38
entering extended mode
 restricted \write18 enabled.
 %&-line parsing enabled.
**F:/SideProjects/TP53-VUS-Predict/manuscript/manuscript.tex
(F:/SideProjects/TP53-VUS-Predict/manuscript/manuscript.tex
LaTeX2e <2025-11-01>
L3 programming layer <2025-12-24>
(C:\Users\H.A.R\AppData\Local\Programs\MiKTeX\tex/latex/base\article.cls
Document Class: article 2025/01/22 v1.4n Standard LaTeX document class
(C:\Users\H.A.R\AppData\Local\Programs\MiKTeX\tex/latex/base\size11.clo
File: size11.clo 2025/01/22 v1.4n Standard LaTeX file (size option)
)
\c@part=\count275
\c@section=\count276
\c@subsection=\count277
\c@subsubsection=\count278
\c@paragraph=\count279
\c@subparagraph=\count280
\c@figure=\count281
\c@table=\count282
\abovecaptionskip=\skip49
\belowcaptionskip=\skip50
\bibindent=\dimen148
)
(C:\Users\H.A.R\AppData\Local\Programs\MiKTeX\tex/latex/base\inputenc.sty
Package: inputenc 2024/02/08 v1.3d Input encoding file
\inpenc@prehook=\toks17
\inpenc@posthook=\toks18
)
(C:\Users\H.A.R\AppData\Local\Programs\MiKTeX\tex/latex/base\fontenc.sty
Package: fontenc 2025/07/18 v2.1d Standard LaTeX package
)
(C:\Users\H.A.R\AppData\Local\Programs\MiKTeX\tex/latex/psnfss\mathptmx.sty
Package: mathptmx 2020/03/25 PSNFSS-v9.3 Times w/ Math, improved (SPQR, WaS) 
LaTeX Font Info:    Redeclaring symbol font `operators' on input line 28.
LaTeX Font Info:    Overwriting symbol font `operators' in version `normal'
(Font)                  OT1/cmr/m/n --> OT1/ztmcm/m/n on input line 28.
LaTeX Font Info:    Overwriting symbol font `operators' in version `bold'
(Font)                  OT1/cmr/bx/n --> OT1/ztmcm/m/n on input line 28.
LaTeX Font Info:    Redeclaring symbol font `letters' on input line 29.
LaTeX Font Info:    Overwriting symbol font `letters' in version `normal'
(Font)                  OML/cmm/m/it --> OML/ztmcm/m/it on input line 29.
LaTeX Font Info:    Overwriting symbol font `letters' in version `bold'
(Font)                  OML/cmm/b/it --> OML/ztmcm/m/it on input line 29.
LaTeX Font Info:    Redeclaring symbol font `symbols' on input line 30.
LaTeX Font Info:    Overwriting symbol font `symbols' in version `normal'
(Font)                  OMS/cmsy/m/n --> OMS/ztmcm/m/n on input line 30.
LaTeX Font Info:    Overwriting symbol font `symbols' in version `bold'
(Font)                  OMS/cmsy/b/n --> OMS/ztmcm/m/n on input line 30.
LaTeX Font Info:    Redeclaring symbol font `largesymbols' on input line 31.
LaTeX Font Info:    Overwriting symbol font `largesymbols' in version `normal'
(Font)                  OMX/cmex/m/n --> OMX/ztmcm/m/n on input line 31.
LaTeX Font Info:    Overwriting symbol font `largesymbols' in version `bold'
(Font)                  OMX/cmex/m/n --> OMX/ztmcm/m/n on input line 31.
\symbold=\mathgroup4
\symitalic=\mathgroup5
LaTeX Font Info:    Redeclaring math alphabet \mathbf on input line 34.
LaTeX Font Info:    Overwriting math alphabet `\mathbf' in version `normal'
(Font)                  OT1/cmr/bx/n --> OT1/ptm/bx/n on input line 34.
LaTeX Font Info:    Overwriting math alphabet `\mathbf' in version `bold'
(Font)                  OT1/cmr/bx/n --> OT1/ptm/bx/n on input line 34.
LaTeX Font Info:    Redeclaring math alphabet \mathit on input line 35.
LaTeX Font Info:    Overwriting math alphabet `\mathit' in version `normal'
(Font)                  OT1/cmr/m/it --> OT1/ptm/m/it on input line 35.
LaTeX Font Info:    Overwriting math alphabet `\mathit' in version `bold'
(Font)                  OT1/cmr/bx/it --> OT1/ptm/m/it on input line 35.
LaTeX Info: Redefining \hbar on input line 50.
)
(C:\Users\H.A.R\AppData\Local\Programs\MiKTeX\tex/latex/geometry\geometry.sty
Package: geometry 2020/01/02 v5.9 Page Geometry

(C:\Users\H.A.R\AppData\Local\Programs\MiKTeX\tex/latex/graphics\keyval.sty
Package: keyval 2022/05/29 v1.15 key=value parser (DPC)
\KV@toks@=\toks19
)
(C:\Users\H.A.R\AppData\Local\Programs\MiKTeX\tex/generic/iftex\ifvtex.sty
Package: ifvtex 2019/10/25 v1.7 ifvtex legacy package. Use iftex instead.

(C:\Users\H.A.R\AppData\Local\Programs\MiKTeX\tex/generic/iftex\iftex.sty
Package: iftex 2024/12/12 v1.0g TeX engine tests
))
\Gm@cnth=\count283
\Gm@cntv=\count284
\c@Gm@tempcnt=\count285
\Gm@bindingoffset=\dimen149
\Gm@wd@mp=\dimen150
\Gm@odd@mp=\dimen151
\Gm@even@mp=\dimen152
\Gm@layoutwidth=\dimen153
\Gm@layoutheight=\dimen154
\Gm@layouthoffset=\dimen155
\Gm@layoutvoffset=\dimen156
\Gm@dimlist=\toks20

(C:\Users\H.A.R\AppData\Local\Programs\MiKTeX\tex/latex/geometry\geometry.cfg))
(C:\Users\H.A.R\AppData\Local\Programs\MiKTeX\tex/latex/graphics\graphicx.sty
Package: graphicx 2024/12/31 v1.2e Enhanced LaTeX Graphics (DPC,SPQR)

(C:\Users\H.A.R\AppData\Local\Programs\MiKTeX\tex/latex/graphics\graphics.sty
Package: graphics 2024/08/06 v1.4g Standard LaTeX Graphics (DPC,SPQR)

(C:\Users\H.A.R\AppData\Local\Programs\MiKTeX\tex/latex/graphics\trig.sty
Package: trig 2023/12/02 v1.11 sin cos tan (DPC)
)
(C:\Users\H.A.R\AppData\Local\Programs\MiKTeX\tex/latex/graphics-cfg\graphics.c
fg
File: graphics.cfg 2016/06/04 v1.11 sample graphics configuration
)
Package graphics Info: Driver file: pdftex.def on input line 106.

(C:\Users\H.A.R\AppData\Local\Programs\MiKTeX\tex/latex/graphics-def\pdftex.def
File: pdftex.def 2025/09/29 v1.2d Graphics/color driver for pdftex
))
\Gin@req@height=\dimen157
\Gin@req@width=\dimen158
)
(C:\Users\H.A.R\AppData\Local\Programs\MiKTeX\tex/latex/booktabs\booktabs.sty
Package: booktabs 2020/01/12 v1.61803398 Publication quality tables
\heavyrulewidth=\dimen159
\lightrulewidth=\dimen160
\cmidrulewidth=\dimen161
\belowrulesep=\dimen162
\belowbottomsep=\dimen163
\aboverulesep=\dimen164
\abovetopsep=\dimen165
\cmidrulesep=\dimen166
\cmidrulekern=\dimen167
\defaultaddspace=\dimen168
\@cmidla=\count286
\@cmidlb=\count287
\@aboverulesep=\dimen169
\@belowrulesep=\dimen170
\@thisruleclass=\count288
\@lastruleclass=\count289
\@thisrulewidth=\dimen171
)
(C:\Users\H.A.R\AppData\Local\Programs\MiKTeX\tex/latex/amsmath\amsmath.sty
Package: amsmath 2025/07/09 v2.17z AMS math features
\@mathmargin=\skip51

For additional information on amsmath, use the `?' option.
(C:\Users\H.A.R\AppData\Local\Programs\MiKTeX\tex/latex/amsmath\amstext.sty
Package: amstext 2024/11/17 v2.01 AMS text

(C:\Users\H.A.R\AppData\Local\Programs\MiKTeX\tex/latex/amsmath\amsgen.sty
File: amsgen.sty 1999/11/30 v2.0 generic functions
\@emptytoks=\toks21
\ex@=\dimen172
))
(C:\Users\H.A.R\AppData\Local\Programs\MiKTeX\tex/latex/amsmath\amsbsy.sty
Package: amsbsy 1999/11/29 v1.2d Bold Symbols
\pmbraise@=\dimen173
)
(C:\Users\H.A.R\AppData\Local\Programs\MiKTeX\tex/latex/amsmath\amsopn.sty
Package: amsopn 2022/04/08 v2.04 operator names
)
\inf@bad=\count290
LaTeX Info: Redefining \frac on input line 233.
\uproot@=\count291
\leftroot@=\count292
LaTeX Info: Redefining \overline on input line 398.
LaTeX Info: Redefining \colon on input line 409.
\classnum@=\count293
\DOTSCASE@=\count294
LaTeX Info: Redefining \ldots on input line 495.
LaTeX Info: Redefining \dots on input line 498.
LaTeX Info: Redefining \cdots on input line 619.
\Mathstrutbox@=\box53
\strutbox@=\box54
LaTeX Info: Redefining \big on input line 721.
LaTeX Info: Redefining \Big on input line 722.
LaTeX Info: Redefining \bigg on input line 723.
LaTeX Info: Redefining \Bigg on input line 724.
\big@size=\dimen174
LaTeX Font Info:    Redeclaring font encoding OML on input line 742.
LaTeX Font Info:    Redeclaring font encoding OMS on input line 743.
\macc@depth=\count295
LaTeX Info: Redefining \bmod on input line 904.
LaTeX Info: Redefining \pmod on input line 909.
LaTeX Info: Redefining \smash on input line 939.
LaTeX Info: Redefining \relbar on input line 969.
LaTeX Info: Redefining \Relbar on input line 970.
\c@MaxMatrixCols=\count296
\dotsspace@=\muskip17
\c@parentequation=\count297
\dspbrk@lvl=\count298
\tag@help=\toks22
\row@=\count299
\column@=\count300
\maxfields@=\count301
\andhelp@=\toks23
\eqnshift@=\dimen175
\alignsep@=\dimen176
\tagshift@=\dimen177
\tagwidth@=\dimen178
\totwidth@=\dimen179
\lineht@=\dimen180
\@envbody=\toks24
\multlinegap=\skip52
\multlinetaggap=\skip53
\mathdisplay@stack=\toks25
LaTeX Info: Redefining \[ on input line 2950.
LaTeX Info: Redefining \] on input line 2951.
)
(C:\Users\H.A.R\AppData\Local\Programs\MiKTeX\tex/latex/amsfonts\amssymb.sty
Package: amssymb 2013/01/14 v3.01 AMS font symbols

(C:\Users\H.A.R\AppData\Local\Programs\MiKTeX\tex/latex/amsfonts\amsfonts.sty
Package: amsfonts 2013/01/14 v3.01 Basic AMSFonts support
\symAMSa=\mathgroup6
\symAMSb=\mathgroup7
LaTeX Font Info:    Overwriting math alphabet `\mathfrak' in version `bold'
(Font)                  U/euf/m/n --> U/euf/b/n on input line 106.
)) (C:\Users\H.A.R\AppData\Local\Programs\MiKTeX\tex/latex/siunitx\siunitx.sty
Package: siunitx 2025-07-09 v3.4.14 A comprehensive (SI) units package
\l__siunitx_number_uncert_offset_int=\count302
\l__siunitx_number_exponent_fixed_int=\count303
\l__siunitx_number_min_decimal_int=\count304
\l__siunitx_number_min_integer_int=\count305
\l__siunitx_number_round_precision_int=\count306
\l__siunitx_number_lower_threshold_int=\count307
\l__siunitx_number_upper_threshold_int=\count308
\l__siunitx_number_group_first_int=\count309
\l__siunitx_number_group_size_int=\count310
\l__siunitx_number_group_minimum_int=\count311
\l__siunitx_angle_tmp_dim=\dimen181
\l__siunitx_angle_marker_box=\box55
\l__siunitx_angle_unit_box=\box56
\l__siunitx_compound_count_int=\count312

(C:\Users\H.A.R\AppData\Local\Programs\MiKTeX\tex/latex/translations\translatio
ns.sty
Package: translations 2022/02/05 v1.12 internationalization of LaTeX2e packages
 (CN)

(C:\Users\H.A.R\AppData\Local\Programs\MiKTeX\tex/latex/etoolbox\etoolbox.sty
Package: etoolbox 2025/10/02 v2.5m e-TeX tools for LaTeX (JAW)
\etb@tempcnta=\count313
)
(C:\Users\H.A.R\AppData\Local\Programs\MiKTeX\tex/generic/pdftexcmds\pdftexcmds
.sty
Package: pdftexcmds 2020-06-27 v0.33 Utility functions of pdfTeX for LuaTeX (HO
)

(C:\Users\H.A.R\AppData\Local\Programs\MiKTeX\tex/generic/infwarerr\infwarerr.s
ty
Package: infwarerr 2019/12/03 v1.5 Providing info/warning/error messages (HO)
)
(C:\Users\H.A.R\AppData\Local\Programs\MiKTeX\tex/generic/ltxcmds\ltxcmds.sty
Package: ltxcmds 2023-12-04 v1.26 LaTeX kernel commands for general use (HO)
)
Package pdftexcmds Info: \pdf@primitive is available.
Package pdftexcmds Info: \pdf@ifprimitive is available.
Package pdftexcmds Info: \pdfdraftmode found.
))
\l__siunitx_table_tmp_box=\box57
\l__siunitx_table_tmp_dim=\dimen182
\l__siunitx_table_column_width_dim=\dimen183
\l__siunitx_table_integer_box=\box58
\l__siunitx_table_decimal_box=\box59
\l__siunitx_table_uncert_box=\box60
\l__siunitx_table_before_box=\box61
\l__siunitx_table_after_box=\box62
\l__siunitx_table_before_dim=\dimen184
\l__siunitx_table_carry_dim=\dimen185
\l__siunitx_unit_tmp_int=\count314
\l__siunitx_unit_position_int=\count315
\l__siunitx_unit_total_int=\count316
 (C:\Users\H.A.R\AppData\Local\Programs\MiKTeX\tex/latex/tools\array.sty
Package: array 2025/09/25 v2.6n Tabular extension package (FMi)
\col@sep=\dimen186
\ar@mcellbox=\box63
\extrarowheight=\dimen187
\NC@list=\toks26
\extratabsurround=\skip54
\backup@length=\skip55
\ar@cellbox=\box64
))
(C:\Users\H.A.R\AppData\Local\Programs\MiKTeX\tex/latex/hyperref\hyperref.sty
Package: hyperref 2025-07-12 v7.01o Hypertext links for LaTeX

(C:\Users\H.A.R\AppData\Local\Programs\MiKTeX\tex/latex/kvsetkeys\kvsetkeys.sty
Package: kvsetkeys 2022-10-05 v1.19 Key value parser (HO)
)
(C:\Users\H.A.R\AppData\Local\Programs\MiKTeX\tex/generic/kvdefinekeys\kvdefine
keys.sty
Package: kvdefinekeys 2019-12-19 v1.6 Define keys (HO)
)
(C:\Users\H.A.R\AppData\Local\Programs\MiKTeX\tex/generic/pdfescape\pdfescape.s
ty
Package: pdfescape 2019/12/09 v1.15 Implements pdfTeX's escape features (HO)
) (C:\Users\H.A.R\AppData\Local\Programs\MiKTeX\tex/latex/hycolor\hycolor.sty
Package: hycolor 2020-01-27 v1.10 Color options for hyperref/bookmark (HO)
) (C:\Users\H.A.R\AppData\Local\Programs\MiKTeX\tex/latex/hyperref\nameref.sty
Package: nameref 2025-06-21 v2.57 Cross-referencing by name of section

(C:\Users\H.A.R\AppData\Local\Programs\MiKTeX\tex/latex/refcount\refcount.sty
Package: refcount 2019/12/15 v3.6 Data extraction from label references (HO)
)
(C:\Users\H.A.R\AppData\Local\Programs\MiKTeX\tex/generic/gettitlestring\gettit
lestring.sty
Package: gettitlestring 2019/12/15 v1.6 Cleanup title references (HO)

(C:\Users\H.A.R\AppData\Local\Programs\MiKTeX\tex/latex/kvoptions\kvoptions.sty
Package: kvoptions 2022-06-15 v3.15 Key value format for package options (HO)
))
\c@section@level=\count317
)
(C:\Users\H.A.R\AppData\Local\Programs\MiKTeX\tex/generic/stringenc\stringenc.s
ty
Package: stringenc 2019/11/29 v1.12 Convert strings between diff. encodings (HO
)
)
\@linkdim=\dimen188
\Hy@linkcounter=\count318
\Hy@pagecounter=\count319
 (C:\Users\H.A.R\AppData\Local\Programs\MiKTeX\tex/latex/hyperref\pd1enc.def
File: pd1enc.def 2025-07-12 v7.01o Hyperref: PDFDocEncoding definition (HO)
Now handling font encoding PD1 ...
... no UTF-8 mapping file for font encoding PD1
) (C:\Users\H.A.R\AppData\Local\Programs\MiKTeX\tex/generic/intcalc\intcalc.sty
Package: intcalc 2019/12/15 v1.3 Expandable calculations with integers (HO)
)
\Hy@SavedSpaceFactor=\count320
 (C:\Users\H.A.R\AppData\Local\Programs\MiKTeX\tex/latex/hyperref\puenc.def
File: puenc.def 2025-07-12 v7.01o Hyperref: PDF Unicode definition (HO)
Now handling font encoding PU ...
... no UTF-8 mapping file for font encoding PU
)
Package hyperref Info: Hyper figures OFF on input line 4195.
Package hyperref Info: Link nesting OFF on input line 4200.
Package hyperref Info: Hyper index ON on input line 4203.
Package hyperref Info: Plain pages OFF on input line 4210.
Package hyperref Info: Backreferencing OFF on input line 4215.
Package hyperref Info: Implicit mode ON; LaTeX internals redefined.
Package hyperref Info: Bookmarks ON on input line 4462.
\c@Hy@tempcnt=\count321

(C:\Users\H.A.R\AppData\Local\Programs\MiKTeX\tex/latex/url\url.sty
\Urlmuskip=\muskip18
Package: url 2013/09/16  ver 3.4  Verb mode for urls, etc.
)
LaTeX Info: Redefining \url on input line 4801.
\XeTeXLinkMargin=\dimen189

(C:\Users\H.A.R\AppData\Local\Programs\MiKTeX\tex/generic/bitset\bitset.sty
Package: bitset 2019/12/09 v1.3 Handle bit-vector datatype (HO)

(C:\Users\H.A.R\AppData\Local\Programs\MiKTeX\tex/generic/bigintcalc\bigintcalc
.sty
Package: bigintcalc 2019/12/15 v1.5 Expandable calculations on big integers (HO
)
))
\Fld@menulength=\count322
\Field@Width=\dimen190
\Fld@charsize=\dimen191
Package hyperref Info: Hyper figures OFF on input line 6078.
Package hyperref Info: Link nesting OFF on input line 6083.
Package hyperref Info: Hyper index ON on input line 6086.
Package hyperref Info: backreferencing OFF on input line 6093.
Package hyperref Info: Link coloring OFF on input line 6098.
Package hyperref Info: Link coloring with OCG OFF on input line 6103.
Package hyperref Info: PDF/A mode OFF on input line 6108.
\Hy@abspage=\count323
\c@Item=\count324
\c@Hfootnote=\count325
)
Package hyperref Info: Driver (autodetected): hpdftex.

(C:\Users\H.A.R\AppData\Local\Programs\MiKTeX\tex/latex/hyperref\hpdftex.def
File: hpdftex.def 2025-07-12 v7.01o Hyperref driver for pdfTeX
\Fld@listcount=\count326
\c@bookmark@seq@number=\count327

(C:\Users\H.A.R\AppData\Local\Programs\MiKTeX\tex/latex/rerunfilecheck\rerunfil
echeck.sty
Package: rerunfilecheck 2025-06-21 v1.11 Rerun checks for auxiliary files (HO)

(C:\Users\H.A.R\AppData\Local\Programs\MiKTeX\tex/generic/uniquecounter\uniquec
ounter.sty
Package: uniquecounter 2019/12/15 v1.4 Provide unlimited unique counter (HO)
)
Package uniquecounter Info: New unique counter `rerunfilecheck' on input line 2
84.
)
\Hy@SectionHShift=\skip56
)
(C:\Users\H.A.R\AppData\Local\Programs\MiKTeX\tex/latex/xcolor\xcolor.sty
Package: xcolor 2024/09/29 v3.02 LaTeX color extensions (UK)

(C:\Users\H.A.R\AppData\Local\Programs\MiKTeX\tex/latex/graphics-cfg\color.cfg
File: color.cfg 2016/01/02 v1.6 sample color configuration
)
Package xcolor Info: Driver file: pdftex.def on input line 274.
(C:\Users\H.A.R\AppData\Local\Programs\MiKTeX\tex/latex/graphics\mathcolor.ltx)
Package xcolor Info: Model `cmy' substituted by `cmy0' on input line 1349.
Package xcolor Info: Model `hsb' substituted by `rgb' on input line 1353.
Package xcolor Info: Model `RGB' extended on input line 1365.
Package xcolor Info: Model `HTML' substituted by `rgb' on input line 1367.
Package xcolor Info: Model `Hsb' substituted by `hsb' on input line 1368.
Package xcolor Info: Model `tHsb' substituted by `hsb' on input line 1369.
Package xcolor Info: Model `HSB' substituted by `hsb' on input line 1370.
Package xcolor Info: Model `Gray' substituted by `gray' on input line 1371.
Package xcolor Info: Model `wave' substituted by `hsb' on input line 1372.
) (C:\Users\H.A.R\AppData\Local\Programs\MiKTeX\tex/latex/float\float.sty
Package: float 2001/11/08 v1.3d Float enhancements (AL)
\c@float@type=\count328
\float@exts=\toks27
\float@box=\box65
\@float@everytoks=\toks28
\@floatcapt=\box66
)
(C:\Users\H.A.R\AppData\Local\Programs\MiKTeX\tex/latex/placeins\placeins.sty
Package: placeins 2005/04/18  v 2.2
)
(C:\Users\H.A.R\AppData\Local\Programs\MiKTeX\tex/latex/caption\caption.sty
Package: caption 2023/08/05 v3.6o Customizing captions (AR)

(C:\Users\H.A.R\AppData\Local\Programs\MiKTeX\tex/latex/caption\caption3.sty
Package: caption3 2023/07/31 v2.4d caption3 kernel (AR)
\caption@tempdima=\dimen192
\captionmargin=\dimen193
\caption@leftmargin=\dimen194
\caption@rightmargin=\dimen195
\caption@width=\dimen196
\caption@indent=\dimen197
\caption@parindent=\dimen198
\caption@hangindent=\dimen199
Package caption Info: Standard document class detected.
)
\c@caption@flags=\count329
\c@continuedfloat=\count330
Package caption Info: float package is loaded.
Package caption Info: hyperref package is loaded.
)
(C:\Users\H.A.R\AppData\Local\Programs\MiKTeX\tex/latex/caption\subcaption.sty
Package: subcaption 2023/07/28 v1.6b Sub-captions (AR)
Package caption Info: New subtype `subfigure' on input line 238.
\c@subfigure=\count331
Package caption Info: New subtype `subtable' on input line 238.
\c@subtable=\count332
) (C:\Users\H.A.R\AppData\Local\Programs\MiKTeX\tex/latex/natbib\natbib.sty
Package: natbib 2010/09/13 8.31b (PWD, AO)
\bibhang=\skip57
\bibsep=\skip58
LaTeX Info: Redefining \cite on input line 694.
\c@NAT@ctr=\count333
)
(C:\Users\H.A.R\AppData\Local\Programs\MiKTeX\tex/latex/enumitem\enumitem.sty
Package: enumitem 2025/02/06 v3.11 Customized lists
\labelindent=\skip59
\enit@outerparindent=\dimen256
\enit@toks=\toks29
\enit@inbox=\box67
\enit@count@id=\count334
\enitdp@description=\count335
)
(C:\Users\H.A.R\AppData\Local\Programs\MiKTeX\tex/latex/microtype\microtype.sty
Package: microtype 2025/07/09 v3.2b Micro-typographical refinements (RS)
\MT@toks=\toks30
\MT@tempbox=\box68
\MT@count=\count336
LaTeX Info: Redefining \noprotrusionifhmode on input line 1087.
LaTeX Info: Redefining \leftprotrusion on input line 1088.
\MT@prot@toks=\toks31
LaTeX Info: Redefining \rightprotrusion on input line 1107.
LaTeX Info: Redefining \textls on input line 1449.
\MT@outer@kern=\dimen257
LaTeX Info: Redefining \microtypecontext on input line 2053.
LaTeX Info: Redefining \textmicrotypecontext on input line 2070.
\MT@listname@count=\count337

(C:\Users\H.A.R\AppData\Local\Programs\MiKTeX\tex/latex/microtype\microtype-pdf
tex.def
File: microtype-pdftex.def 2025/07/09 v3.2b Definitions specific to pdftex (RS)

LaTeX Info: Redefining \lsstyle on input line 944.
LaTeX Info: Redefining \lslig on input line 944.
\MT@outer@space=\skip60
)
Package microtype Info: Loading configuration file microtype.cfg.

(C:\Users\H.A.R\AppData\Local\Programs\MiKTeX\tex/latex/microtype\microtype.cfg
File: microtype.cfg 2025/07/09 v3.2b microtype main configuration file (RS)
)
LaTeX Info: Redefining \microtypesetup on input line 3065.
) (C:\Users\H.A.R\AppData\Local\Programs\MiKTeX\tex/latex/preprint\authblk.sty
Package: authblk 2001/02/27 1.3 (PWD)
\affilsep=\skip61
\@affilsep=\skip62
\c@Maxaffil=\count338
\c@authors=\count339
\c@affil=\count340
) (C:\Users\H.A.R\AppData\Local\Programs\MiKTeX\tex/latex/lineno\lineno.sty
Package: lineno 2025/05/13 line numbers on paragraphs v5.5
\linenopenalty=\count341
\output=\toks32
\linenoprevgraf=\count342
\linenumbersep=\dimen258
\linenumberwidth=\dimen259
\c@linenumber=\count343
\c@pagewiselinenumber=\count344
\c@LN@truepage=\count345
\c@internallinenumber=\count346
\c@internallinenumbers=\count347
\quotelinenumbersep=\dimen260
\bframerule=\dimen261
\bframesep=\dimen262
\bframebox=\box69
\@LN@amsmath@ams@eqpen=\count348
)
(C:\Users\H.A.R\AppData\Local\Programs\MiKTeX\tex/latex/preprint\balance.sty
Package: balance 1999/02/23 4.3 (PWD)
\oldvsize=\dimen263
)
Package translations Info: No language package found. I am going to use `englis
h' as default language. on input line 63.
LaTeX Font Info:    Trying to load font information for T1+ptm on input line 63
.

(C:\Users\H.A.R\AppData\Local\Programs\MiKTeX\tex/latex/psnfss\t1ptm.fd
File: t1ptm.fd 2001/06/04 font definitions for T1/ptm.
)
(C:\Users\H.A.R\AppData\Local\Programs\MiKTeX\tex/latex/l3backend\l3backend-pdf
tex.def
File: l3backend-pdftex.def 2025-10-09 L3 backend support: PDF output (pdfTeX)
\l__color_backend_stack_int=\count349
) (F:/SideProjects\TP53-VUS-Predict\manuscript\manuscript.aux)
\openout1 = `manuscript.aux'.

LaTeX Font Info:    Checking defaults for OML/cmm/m/it on input line 63.
LaTeX Font Info:    ... okay on input line 63.
LaTeX Font Info:    Checking defaults for OMS/cmsy/m/n on input line 63.
LaTeX Font Info:    ... okay on input line 63.
LaTeX Font Info:    Checking defaults for OT1/cmr/m/n on input line 63.
LaTeX Font Info:    ... okay on input line 63.
LaTeX Font Info:    Checking defaults for T1/cmr/m/n on input line 63.
LaTeX Font Info:    ... okay on input line 63.
LaTeX Font Info:    Checking defaults for TS1/cmr/m/n on input line 63.
LaTeX Font Info:    ... okay on input line 63.
LaTeX Font Info:    Checking defaults for OMX/cmex/m/n on input line 63.
LaTeX Font Info:    ... okay on input line 63.
LaTeX Font Info:    Checking defaults for U/cmr/m/n on input line 63.
LaTeX Font Info:    ... okay on input line 63.
LaTeX Font Info:    Checking defaults for PD1/pdf/m/n on input line 63.
LaTeX Font Info:    ... okay on input line 63.
LaTeX Font Info:    Checking defaults for PU/pdf/m/n on input line 63.
LaTeX Font Info:    ... okay on input line 63.

*geometry* driver: auto-detecting
*geometry* detected driver: pdftex
*geometry* verbose mode - [ preamble ] result:
* driver: pdftex
* paper: a4paper
* layout: <same size as paper>
* layoutoffset:(h,v)=(0.0pt,0.0pt)
* modes: 
* h-part:(L,W,R)=(56.9055pt, 483.69687pt, 56.9055pt)
* v-part:(T,H,B)=(56.9055pt, 731.23584pt, 56.9055pt)
* \paperwidth=597.50787pt
* \paperheight=845.04684pt
* \textwidth=483.69687pt
* \textheight=731.23584pt
* \oddsidemargin=-15.36449pt
* \evensidemargin=-15.36449pt
* \topmargin=-52.36449pt
* \headheight=12.0pt
* \headsep=25.0pt
* \topskip=11.0pt
* \footskip=30.0pt
* \marginparwidth=4.0pt
* \marginparsep=10.0pt
* \columnsep=22.76228pt
* \skip\footins=10.0pt plus 4.0pt minus 2.0pt
* \hoffset=0.0pt
* \voffset=0.0pt
* \mag=1000
* \@twocolumntrue
* \@twosidefalse
* \@mparswitchfalse
* \@reversemarginfalse
* (1in=72.27pt=25.4mm, 1cm=28.453pt)


(C:\Users\H.A.R\AppData\Local\Programs\MiKTeX\tex/context/base/mkii\supp-pdf.mk
ii
[Loading MPS to PDF converter (version 2006.09.02).]
\scratchcounter=\count350
\scratchdimen=\dimen264
\scratchbox=\box70
\nofMPsegments=\count351
\nofMParguments=\count352
\everyMPshowfont=\toks33
\MPscratchCnt=\count353
\MPscratchDim=\dimen265
\MPnumerator=\count354
\makeMPintoPDFobject=\count355
\everyMPtoPDFconversion=\toks34
)
(C:\Users\H.A.R\AppData\Local\Programs\MiKTeX\tex/latex/epstopdf-pkg\epstopdf-b
ase.sty
Package: epstopdf-base 2020-01-24 v2.11 Base part for package epstopdf
Package epstopdf-base Info: Redefining graphics rule for `.eps' on input line 4
85.

(C:\Users\H.A.R\AppData\Local\Programs\MiKTeX\tex/latex/00miktex\epstopdf-sys.c
fg
File: epstopdf-sys.cfg 2021/03/18 v2.0 Configuration of epstopdf for MiKTeX
))
(C:\Users\H.A.R\AppData\Local\Programs\MiKTeX\tex/latex/translations/dicts\tran
slations-basic-dictionary-english.trsl
File: translations-basic-dictionary-english.trsl (english translation file `tra
nslations-basic-dictionary')
)
Package translations Info: loading dictionary `translations-basic-dictionary' f
or `english'. on input line 63.
Package hyperref Info: Link coloring OFF on input line 63.

(F:/SideProjects\TP53-VUS-Predict\manuscript\manuscript.out)
(F:/SideProjects\TP53-VUS-Predict\manuscript\manuscript.out)
\@outlinefile=\write3
\openout3 = `manuscript.out'.

Package caption Info: Begin \AtBeginDocument code.
Package caption Info: End \AtBeginDocument code.
LaTeX Info: Redefining \microtypecontext on input line 63.
Package microtype Info: Applying patch `item' on input line 63.
Package microtype Info: Applying patch `toc' on input line 63.
Package microtype Info: Applying patch `eqnum' on input line 63.
Package microtype Info: Applying patch `footnote' on input line 63.
Package microtype Info: Applying patch `verbatim' on input line 63.
LaTeX Info: Redefining \microtypesetup on input line 63.
Package microtype Info: Generating PDF output.
Package microtype Info: Character protrusion enabled (level 2).
Package microtype Info: Using default protrusion set `alltext'.
Package microtype Info: Automatic font expansion enabled (level 2),
(microtype)             stretch: 20, shrink: 20, step: 1, non-selected.
Package microtype Info: Using default expansion set `alltext-nott'.
Package microtype Info: Patching command `\showhyphens'.
Package microtype Info: No adjustment of tracking.
Package microtype Info: No adjustment of interword spacing.
Package microtype Info: No adjustment of character kerning.

(C:\Users\H.A.R\AppData\Local\Programs\MiKTeX\tex/latex/microtype\mt-ptm.cfg
File: mt-ptm.cfg 2006/04/20 v1.7 microtype config. file: Times (RS)
)
Package microtype Info: Loading generic protrusion settings for font family
(microtype)             `cmss' (encoding: T1).
(microtype)             For optimal results, create family-specific settings.
(microtype)             See the microtype manual for details.
Package microtype Info: Loading generic protrusion settings for font family
(microtype)             `cmtt' (encoding: T1).
(microtype)             For optimal results, create family-specific settings.
(microtype)             See the microtype manual for details.

Underfull \hbox (badness 10000) in paragraph at lines 75--82
[]\T1/ptm/b/n/10.95 (+20) Methods. \T1/ptm/m/n/10.95 (+20) We ap-plied two or-t
hog-o-
 []


Underfull \hbox (badness 10000) in paragraph at lines 75--82
\T1/ptm/m/n/10.95 (+20) nal deep-learning models---Meta's ESM-2
 []


Underfull \hbox (badness 10000) in paragraph at lines 75--82
\T1/ptm/m/n/10.95 (+20) (\T1/cmtt/m/n/10.95 esm2_t33_650M_UR50D\T1/ptm/m/n/10.9
5 (+20) ; 650M pa-ram-e-ters)
 []


Underfull \hbox (badness 6725) in paragraph at lines 75--82
\T1/ptm/m/n/10.95 (+20) pre-dic-tions (UniProt P04637), yield-ing 1,199
 []

LaTeX Font Info:    Trying to load font information for OT1+ztmcm on input line
 84.
(C:\Users\H.A.R\AppData\Local\Programs\MiKTeX\tex/latex/psnfss\ot1ztmcm.fd
File: ot1ztmcm.fd 2000/01/03 Fontinst v1.801 font definitions for OT1/ztmcm.
)
Package microtype Info: Loading generic protrusion settings for font family
(microtype)             `ztmcm' (encoding: OT1).
(microtype)             For optimal results, create family-specific settings.
(microtype)             See the microtype manual for details.
LaTeX Font Info:    Trying to load font information for OML+ztmcm on input line
 84.

(C:\Users\H.A.R\AppData\Local\Programs\MiKTeX\tex/latex/psnfss\omlztmcm.fd
File: omlztmcm.fd 2000/01/03 Fontinst v1.801 font definitions for OML/ztmcm.
)
LaTeX Font Info:    Trying to load font information for OMS+ztmcm on input line
 84.

(C:\Users\H.A.R\AppData\Local\Programs\MiKTeX\tex/latex/psnfss\omsztmcm.fd
File: omsztmcm.fd 2000/01/03 Fontinst v1.801 font definitions for OMS/ztmcm.
)
LaTeX Font Info:    Trying to load font information for OMX+ztmcm on input line
 84.

(C:\Users\H.A.R\AppData\Local\Programs\MiKTeX\tex/latex/psnfss\omxztmcm.fd
File: omxztmcm.fd 2000/01/03 Fontinst v1.801 font definitions for OMX/ztmcm.
)
LaTeX Font Info:    Trying to load font information for OT1+ptm on input line 8
4.

(C:\Users\H.A.R\AppData\Local\Programs\MiKTeX\tex/latex/psnfss\ot1ptm.fd
File: ot1ptm.fd 2001/06/04 font definitions for OT1/ptm.
)
LaTeX Font Info:    Font shape `OT1/ptm/bx/n' in size <10.95> not available
(Font)              Font shape `OT1/ptm/b/n' tried instead on input line 84.
LaTeX Font Info:    Font shape `OT1/ptm/bx/n' in size <8> not available
(Font)              Font shape `OT1/ptm/b/n' tried instead on input line 84.
LaTeX Font Info:    Font shape `OT1/ptm/bx/n' in size <6> not available
(Font)              Font shape `OT1/ptm/b/n' tried instead on input line 84.

(C:\Users\H.A.R\AppData\Local\Programs\MiKTeX\tex/latex/microtype\mt-msa.cfg
File: mt-msa.cfg 2006/02/04 v1.1 microtype config. file: AMS symbols (a) (RS)
)
(C:\Users\H.A.R\AppData\Local\Programs\MiKTeX\tex/latex/microtype\mt-msb.cfg
File: mt-msb.cfg 2005/06/01 v1.0 microtype config. file: AMS symbols (b) (RS)
)
Underfull \vbox (badness 4634) has occurred while \output is active []


Underfull \vbox (badness 10000) has occurred while \output is active []

 [1{C:/Users/H.A.R/AppData/Local/MiKTeX/fonts/map/pdftex/pdftex.map}{C:/Users/H
.A.R/AppData/Local/Programs/MiKTeX/fonts/enc/dvips/base/8r.enc}


]
Underfull \hbox (badness 1728) in paragraph at lines 141--149
[]\T1/ptm/m/n/10.95 (+20) Recent ad-vances in pro-tein lan-guage mod-els
 []


Underfull \hbox (badness 10000) in paragraph at lines 183--188
\T1/ptm/m/n/10.95 (+20) Variant ef-fect scores were com-puted us-
 []


Underfull \hbox (badness 10000) in paragraph at lines 183--188
\T1/ptm/m/n/10.95 (+20) ing Meta's ESM-2 pro-tein lan-guage model
 []


Underfull \vbox (badness 10000) has occurred while \output is active []


Underfull \hbox (badness 1721) in paragraph at lines 222--225
\T1/ptm/m/n/10.95 (+20) phaMis-sense, 3,417 (45.8%) were clas-si-fied as
 []


Underfull \hbox (badness 3343) in paragraph at lines 227--227
[]\T1/ptm/b/n/12 (+20) Cross-Referencing and Con-cor-dance
 []

[2]
<figures/main/fig1_llr_distribution.png, id=179, 867.24pt x 433.62pt>
File: figures/main/fig1_llr_distribution.png Graphic file (type png)
<use figures/main/fig1_llr_distribution.png>
Package pdftex.def Info: figures/main/fig1_llr_distribution.png  used on input 
line 295.
(pdftex.def)             Requested size: 230.46729pt x 115.23296pt.
LaTeX Font Info:    Font shape `OT1/ptm/bx/n' in size <10> not available
(Font)              Font shape `OT1/ptm/b/n' tried instead on input line 298.
LaTeX Font Info:    Font shape `OT1/ptm/bx/n' in size <7.4> not available
(Font)              Font shape `OT1/ptm/b/n' tried instead on input line 298.
<figures/main/fig2_model_concordance.png, id=182, 857.1222pt x 640.67355pt>
File: figures/main/fig2_model_concordance.png Graphic file (type png)
<use figures/main/fig2_model_concordance.png>
Package pdftex.def Info: figures/main/fig2_model_concordance.png  used on input
 line 314.
(pdftex.def)             Requested size: 230.46729pt x 172.26074pt.
 [3 <./figures/main/fig1_llr_distribution.png>]
<figures/main/fig3_domain_enrichment.png, id=196, 1293.27165pt x 445.54456pt>
File: figures/main/fig3_domain_enrichment.png Graphic file (type png)
<use figures/main/fig3_domain_enrichment.png>
Package pdftex.def Info: figures/main/fig3_domain_enrichment.png  used on input
 line 340.
(pdftex.def)             Requested size: 230.46729pt x 79.39233pt.

Underfull \vbox (badness 10000) has occurred while \output is active []


Underfull \vbox (badness 6608) has occurred while \output is active []

 [4 <./figures/main/fig2_model_concordance.png> <./figures/main/fig3_domain_enr
ichment.png>]
<figures/main/fig4a_L257R_structural.png, id=212, 578.16pt x 578.16pt>
File: figures/main/fig4a_L257R_structural.png Graphic file (type png)
<use figures/main/fig4a_L257R_structural.png>
Package pdftex.def Info: figures/main/fig4a_L257R_structural.png  used on input
 line 437.
(pdftex.def)             Requested size: 154.78653pt x 154.78198pt.
<figures/main/fig4b_V157D_structural.png, id=213, 578.16pt x 578.16pt>
File: figures/main/fig4b_V157D_structural.png Graphic file (type png)
<use figures/main/fig4b_V157D_structural.png>
Package pdftex.def Info: figures/main/fig4b_V157D_structural.png  used on input
 line 441.
(pdftex.def)             Requested size: 154.78653pt x 154.78198pt.
<figures/main/fig4c_R248P_structural.png, id=214, 578.16pt x 578.16pt>
File: figures/main/fig4c_R248P_structural.png Graphic file (type png)
<use figures/main/fig4c_R248P_structural.png>
Package pdftex.def Info: figures/main/fig4c_R248P_structural.png  used on input
 line 445.
(pdftex.def)             Requested size: 154.78653pt x 154.78198pt.
<figures/main/fig4d_C176R_structural.png, id=215, 578.16pt x 578.16pt>
File: figures/main/fig4d_C176R_structural.png Graphic file (type png)
<use figures/main/fig4d_C176R_structural.png>
Package pdftex.def Info: figures/main/fig4d_C176R_structural.png  used on input
 line 451.
(pdftex.def)             Requested size: 154.78653pt x 154.78198pt.
<figures/main/fig4e_R280I_structural.png, id=216, 578.16pt x 578.16pt>
File: figures/main/fig4e_R280I_structural.png Graphic file (type png)
<use figures/main/fig4e_R280I_structural.png>
Package pdftex.def Info: figures/main/fig4e_R280I_structural.png  used on input
 line 455.
(pdftex.def)             Requested size: 154.78653pt x 154.78198pt.
<figures/main/fig4f_overview_structural.png, id=217, 578.16pt x 578.16pt>
File: figures/main/fig4f_overview_structural.png Graphic file (type png)
<use figures/main/fig4f_overview_structural.png>
Package pdftex.def Info: figures/main/fig4f_overview_structural.png  used on in
put line 459.
(pdftex.def)             Requested size: 154.78653pt x 154.78198pt.

Underfull \vbox (badness 10000) has occurred while \output is active []


Underfull \hbox (badness 10000) in paragraph at lines 529--534
[]\T1/ptm/b/n/10.95 (+20) Hydrophobic core dis-rup-tion \T1/ptm/m/n/10.95 (+20)
 (L257R,
 []


Underfull \hbox (badness 3758) in paragraph at lines 529--534
\T1/ptm/m/n/10.95 (+20) V157D): In-tro-duc-tion of charged residues
 []


Underfull \vbox (badness 10000) has occurred while \output is active []

 [5]
Underfull \vbox (badness 10000) has occurred while \output is active []

 [6 <./figures/main/fig4a_L257R_structural.png> <./figures/main/fig4b_V157D_str
uctural.png> <./figures/main/fig4c_R248P_structural.png> <./figures/main/fig4d_
C176R_structural.png> <./figures/main/fig4e_R280I_structural.png> <./figures/ma
in/fig4f_overview_structural.png>]
LaTeX Font Info:    Trying to load font information for TS1+ptm on input line 6
50.

(C:\Users\H.A.R\AppData\Local\Programs\MiKTeX\tex/latex/psnfss\ts1ptm.fd
File: ts1ptm.fd 2001/06/04 font definitions for TS1/ptm.
)
Underfull \hbox (badness 3942) in paragraph at lines 653--654
[]\T1/ptm/b/n/10.95 (+20) Project Repos-i-tory: []\T1/ptm/m/n/10.95 (+20) githu
b.com/mahaddev-
 []

[7]
Underfull \hbox (badness 1314) in paragraph at lines 691--695
[]\T1/ptm/m/n/10.95 (+20) Cheng, J., No-vati, G., Pan, J., et al.  Ac-cu-
 []


Underfull \hbox (badness 7777) in paragraph at lines 691--695
\T1/ptm/m/n/10.95 (+20) rate proteome-wide mis-sense vari-ant ef-fect
 []


Underfull \hbox (badness 10000) in paragraph at lines 691--695
\T1/ptm/m/n/10.95 (+20) pre-dic-tion with Al-phaMis-sense.  \T1/ptm/m/it/10.95 
(+20) Sci-ence\T1/ptm/m/n/10.95 (+20) ,
 []

[8]
<figures/supplementary/figS1a_L257R_3d_context.png, id=292, 827.4915pt x 713.30
49pt>
File: figures/supplementary/figS1a_L257R_3d_context.png Graphic file (type png)

<use figures/supplementary/figS1a_L257R_3d_context.png>
Package pdftex.def Info: figures/supplementary/figS1a_L257R_3d_context.png  use
d on input line 812.
(pdftex.def)             Requested size: 183.80716pt x 158.44046pt.
<figures/supplementary/figS1b_V157D_3d_context.png, id=293, 827.4915pt x 713.30
49pt>
File: figures/supplementary/figS1b_V157D_3d_context.png Graphic file (type png)

<use figures/supplementary/figS1b_V157D_3d_context.png>
Package pdftex.def Info: figures/supplementary/figS1b_V157D_3d_context.png  use
d on input line 816.
(pdftex.def)             Requested size: 183.80716pt x 158.44046pt.
<figures/supplementary/figS1c_R248P_3d_context.png, id=294, 827.4915pt x 713.30
49pt>
File: figures/supplementary/figS1c_R248P_3d_context.png Graphic file (type png)

<use figures/supplementary/figS1c_R248P_3d_context.png>
Package pdftex.def Info: figures/supplementary/figS1c_R248P_3d_context.png  use
d on input line 822.
(pdftex.def)             Requested size: 183.80716pt x 158.44046pt.
<figures/supplementary/figS1d_C176R_3d_context.png, id=295, 827.85284pt x 713.3
049pt>
File: figures/supplementary/figS1d_C176R_3d_context.png Graphic file (type png)

<use figures/supplementary/figS1d_C176R_3d_context.png>
Package pdftex.def Info: figures/supplementary/figS1d_C176R_3d_context.png  use
d on input line 826.
(pdftex.def)             Requested size: 183.80716pt x 158.37515pt.
<figures/supplementary/figS1e_R280I_3d_context.png, id=296, 830.3823pt x 713.30
49pt>
File: figures/supplementary/figS1e_R280I_3d_context.png Graphic file (type png)

<use figures/supplementary/figS1e_R280I_3d_context.png>
Package pdftex.def Info: figures/supplementary/figS1e_R280I_3d_context.png  use
d on input line 832.
(pdftex.def)             Requested size: 183.80716pt x 157.88536pt.
<figures/supplementary/figS1f_overview_3d_context.png, id=297, 827.13016pt x 86
0.013pt>
File: figures/supplementary/figS1f_overview_3d_context.png Graphic file (type p
ng)
<use figures/supplementary/figS1f_overview_3d_context.png>
Package pdftex.def Info: figures/supplementary/figS1f_overview_3d_context.png  
used on input line 836.
(pdftex.def)             Requested size: 183.80716pt x 191.10623pt.
 [9


 <./figures/supplementary/figS1a_L257R_3d_context.png> <./figures/supplementary
/figS1b_V157D_3d_context.png> <./figures/supplementary/figS1c_R248P_3d_context.
png> <./figures/supplementary/figS1d_C176R_3d_context.png> <./figures/supplemen
tary/figS1e_R280I_3d_context.png> <./figures/supplementary/figS1f_overview_3d_c
ontext.png>]
<figures/supplementary/figS2a_L257R_pymol_v1.png, id=310, 578.16pt x 433.62pt>
File: figures/supplementary/figS2a_L257R_pymol_v1.png Graphic file (type png)
<use figures/supplementary/figS2a_L257R_pymol_v1.png>
Package pdftex.def Info: figures/supplementary/figS2a_L257R_pymol_v1.png  used 
on input line 862.
(pdftex.def)             Requested size: 183.80716pt x 137.85477pt.
<figures/supplementary/figS2b_V157D_pymol_v1.png, id=311, 578.16pt x 433.62pt>
File: figures/supplementary/figS2b_V157D_pymol_v1.png Graphic file (type png)
<use figures/supplementary/figS2b_V157D_pymol_v1.png>
Package pdftex.def Info: figures/supplementary/figS2b_V157D_pymol_v1.png  used 
on input line 866.
(pdftex.def)             Requested size: 183.80716pt x 137.85477pt.
<figures/supplementary/figS2c_R248P_pymol_v1.png, id=312, 578.16pt x 433.62pt>
File: figures/supplementary/figS2c_R248P_pymol_v1.png Graphic file (type png)
<use figures/supplementary/figS2c_R248P_pymol_v1.png>
Package pdftex.def Info: figures/supplementary/figS2c_R248P_pymol_v1.png  used 
on input line 872.
(pdftex.def)             Requested size: 183.80716pt x 137.85477pt.
<figures/supplementary/figS2d_C176R_pymol_v1.png, id=313, 578.16pt x 433.62pt>
File: figures/supplementary/figS2d_C176R_pymol_v1.png Graphic file (type png)
<use figures/supplementary/figS2d_C176R_pymol_v1.png>
Package pdftex.def Info: figures/supplementary/figS2d_C176R_pymol_v1.png  used 
on input line 876.
(pdftex.def)             Requested size: 183.80716pt x 137.85477pt.
<figures/supplementary/figS2e_R280I_pymol_v1.png, id=314, 578.16pt x 433.62pt>
File: figures/supplementary/figS2e_R280I_pymol_v1.png Graphic file (type png)
<use figures/supplementary/figS2e_R280I_pymol_v1.png>
Package pdftex.def Info: figures/supplementary/figS2e_R280I_pymol_v1.png  used 
on input line 882.
(pdftex.def)             Requested size: 183.80716pt x 137.85477pt.
<figures/supplementary/figS2f_overview_pymol_v1.png, id=315, 578.16pt x 433.62p
t>
File: figures/supplementary/figS2f_overview_pymol_v1.png Graphic file (type png
)
<use figures/supplementary/figS2f_overview_pymol_v1.png>
Package pdftex.def Info: figures/supplementary/figS2f_overview_pymol_v1.png  us
ed on input line 886.
(pdftex.def)             Requested size: 183.80716pt x 137.85477pt.
 [10 <./figures/supplementary/figS2a_L257R_pymol_v1.png> <./figures/supplementa
ry/figS2b_V157D_pymol_v1.png> <./figures/supplementary/figS2c_R248P_pymol_v1.pn
g> <./figures/supplementary/figS2d_C176R_pymol_v1.png> <./figures/supplementary
/figS2e_R280I_pymol_v1.png> <./figures/supplementary/figS2f_overview_pymol_v1.p
ng>]
(F:/SideProjects\TP53-VUS-Predict\manuscript\manuscript.aux)
 ***********
LaTeX2e <2025-11-01>
L3 programming layer <2025-12-24>
 ***********
Package rerunfilecheck Info: File `manuscript.out' has not changed.
(rerunfilecheck)             Checksum: 85741F49947E6610E6B8D4AA0BE2345D;5488.
 ) 
Here is how much of TeX's memory you used:
 20212 strings out of 467871
 386369 string characters out of 5418377
 812084 words of memory out of 5000000
 48428 multiletter control sequences out of 15000+600000
 706257 words of font info for 339 fonts, out of 8000000 for 9000
 1141 hyphenation exceptions out of 8191
 75i,9n,80p,1153b,1174s stack positions out of 10000i,1000n,20000p,200000b,200000s
 <C:\Users\H.A.R\AppData\Local\MiKTeX\fonts/pk/ljfour/jknappen/ec/dpi600\ectt
1000.pk> <C:\Users\H.A.R\AppData\Local\MiKTeX\fonts/pk/ljfour/jknappen/ec/dpi60
0\ectt1095.pk> <C:\Users\H.A.R\AppData\Local\MiKTeX\fonts/pk/ljfour/jknappen/ec
/dpi450\ecss0800.pk><C:/Users/H.A.R/AppData/Local/Programs/MiKTeX/fonts/type1/p
ublic/amsfonts/cm/cmmi10.pfb><C:/Users/H.A.R/AppData/Local/Programs/MiKTeX/font
s/type1/public/amsfonts/cm/cmr10.pfb><C:/Users/H.A.R/AppData/Local/Programs/MiK
TeX/fonts/type1/public/amsfonts/cm/cmsy10.pfb><C:/Users/H.A.R/AppData/Local/Pro
grams/MiKTeX/fonts/type1/urw/symbol/usyr.pfb><C:/Users/H.A.R/AppData/Local/Prog
rams/MiKTeX/fonts/type1/urw/times/utmb8a.pfb><C:/Users/H.A.R/AppData/Local/Prog
rams/MiKTeX/fonts/type1/urw/times/utmr8a.pfb><C:/Users/H.A.R/AppData/Local/Prog
rams/MiKTeX/fonts/type1/urw/times/utmri8a.pfb>
Output written on F:/SideProjects\TP53-VUS-Predict\manuscript\manuscript.pdf (1
0 pages, 20053077 bytes).
PDF statistics:
 430 PDF objects out of 1000 (max. 8388607)
 75 named destinations out of 1000 (max. 500000)
 83762 words of extra memory for PDF output out of 89155 (max. 10000000)

